[debug] [2020-04-24T07:39:36.490Z] ----------------------------------------------------------------------
[debug] [2020-04-24T07:39:36.492Z] Command:       /Users/venkatpoojari/.nvm/versions/node/v10.16.3/bin/node /Users/venkatpoojari/.nvm/versions/node/v10.16.3/bin/firebase deploy
[debug] [2020-04-24T07:39:36.493Z] CLI Version:   8.1.1
[debug] [2020-04-24T07:39:36.493Z] Platform:      darwin
[debug] [2020-04-24T07:39:36.494Z] Node Version:  v10.16.3
[debug] [2020-04-24T07:39:36.495Z] Time:          Fri Apr 24 2020 13:09:36 GMT+0530 (India Standard Time)
[debug] [2020-04-24T07:39:36.495Z] ----------------------------------------------------------------------
[debug] [2020-04-24T07:39:36.496Z] 
[debug] [2020-04-24T07:39:36.517Z] > command requires scopes: ["email","openid","https://www.googleapis.com/auth/cloudplatformprojects.readonly","https://www.googleapis.com/auth/firebase","https://www.googleapis.com/auth/cloud-platform"]
[debug] [2020-04-24T07:39:36.518Z] > authorizing via signed-in user
[debug] [2020-04-24T07:39:36.518Z] [iam] checking project autocart-app for permissions ["firebase.projects.get","firebasehosting.sites.update"]
[debug] [2020-04-24T07:39:36.523Z] > refreshing access token with scopes: ["email","https://www.googleapis.com/auth/cloud-platform","https://www.googleapis.com/auth/cloudplatformprojects.readonly","https://www.googleapis.com/auth/firebase","openid"]
[debug] [2020-04-24T07:39:36.523Z] >>> HTTP REQUEST POST https://www.googleapis.com/oauth2/v3/token  
 <request body omitted>
[debug] [2020-04-24T07:39:36.564Z] [iam] error while checking permissions, command may fail: FirebaseError: Authentication Error: Your credentials are no longer valid. Please run firebase login --reauth

For CI servers and headless environments, generate a new token with firebase login:ci
[debug] [2020-04-24T07:39:36.566Z] > refreshing access token with scopes: ["email","https://www.googleapis.com/auth/cloud-platform","https://www.googleapis.com/auth/cloudplatformprojects.readonly","https://www.googleapis.com/auth/firebase","openid"]
[debug] [2020-04-24T07:39:36.566Z] >>> HTTP REQUEST POST https://www.googleapis.com/oauth2/v3/token  
 <request body omitted>
[debug] [2020-04-24T07:39:36.571Z] Authentication Error: Your credentials are no longer valid. Please run firebase login --reauth

For CI servers and headless environments, generate a new token with firebase login:ci
[debug] [2020-04-24T07:39:36.578Z] FirebaseError: Authentication Error: Your credentials are no longer valid. Please run firebase login --reauth

For CI servers and headless environments, generate a new token with firebase login:ci
    at Object.<anonymous> (/Users/venkatpoojari/.nvm/versions/node/v10.16.3/lib/node_modules/firebase-tools/lib/auth.js:23:32)
    at Module._compile (internal/modules/cjs/loader.js:778:30)
    at Object.Module._extensions..js (internal/modules/cjs/loader.js:789:10)
    at Module.load (internal/modules/cjs/loader.js:653:32)
    at tryModuleLoad (internal/modules/cjs/loader.js:593:12)
    at Function.Module._load (internal/modules/cjs/loader.js:585:3)
    at Module.require (internal/modules/cjs/loader.js:692:17)
    at require (internal/modules/cjs/helpers.js:25:18)
    at Object.<anonymous> (/Users/venkatpoojari/.nvm/versions/node/v10.16.3/lib/node_modules/firebase-tools/lib/commands/login.js:8:12)
    at Module._compile (internal/modules/cjs/loader.js:778:30)
    at Object.Module._extensions..js (internal/modules/cjs/loader.js:789:10)
    at Module.load (internal/modules/cjs/loader.js:653:32)
    at tryModuleLoad (internal/modules/cjs/loader.js:593:12)
    at Function.Module._load (internal/modules/cjs/loader.js:585:3)
    at Module.require (internal/modules/cjs/loader.js:692:17)
    at require (internal/modules/cjs/helpers.js:25:18)
[error] 
[error] Error: Failed to get Firebase project autocart-app. Please make sure the project exists and your account has permission to access it.
[debug] [2020-04-24T07:40:38.105Z] ----------------------------------------------------------------------
[debug] [2020-04-24T07:40:38.108Z] Command:       /Users/venkatpoojari/.nvm/versions/node/v10.16.3/bin/node /Users/venkatpoojari/.nvm/versions/node/v10.16.3/bin/firebase init
[debug] [2020-04-24T07:40:38.108Z] CLI Version:   8.1.1
[debug] [2020-04-24T07:40:38.109Z] Platform:      darwin
[debug] [2020-04-24T07:40:38.109Z] Node Version:  v10.16.3
[debug] [2020-04-24T07:40:38.110Z] Time:          Fri Apr 24 2020 13:10:38 GMT+0530 (India Standard Time)
[debug] [2020-04-24T07:40:38.110Z] ----------------------------------------------------------------------
[debug] [2020-04-24T07:40:38.110Z] 
[debug] [2020-04-24T07:40:38.120Z] > command requires scopes: ["email","openid","https://www.googleapis.com/auth/cloudplatformprojects.readonly","https://www.googleapis.com/auth/firebase","https://www.googleapis.com/auth/cloud-platform"]
[debug] [2020-04-24T07:40:38.120Z] > authorizing via signed-in user
[info] 
     ######## #### ########  ######## ########     ###     ######  ########
     ##        ##  ##     ## ##       ##     ##  ##   ##  ##       ##
     ######    ##  ########  ######   ########  #########  ######  ######
     ##        ##  ##    ##  ##       ##     ## ##     ##       ## ##
     ##       #### ##     ## ######## ########  ##     ##  ######  ########

You're about to initialize a Firebase project in this directory:

  /Users/venkatpoojari/Documents/dev/React/autocart

Before we get started, keep in mind:

  * You are initializing in an existing Firebase project directory

[info] 
=== Project Setup
[info] 
[info] First, let's associate this project directory with a Firebase project.
[info] You can create multiple project aliases by running firebase use --add, 
[info] but for now we'll just set up a default project.
[info] 
[info] i  .firebaserc already has a default project, using autocart-app.
[debug] [2020-04-24T07:40:41.285Z] > refreshing access token with scopes: ["email","https://www.googleapis.com/auth/cloud-platform","https://www.googleapis.com/auth/cloudplatformprojects.readonly","https://www.googleapis.com/auth/firebase","openid"]
[debug] [2020-04-24T07:40:41.286Z] >>> HTTP REQUEST POST https://www.googleapis.com/oauth2/v3/token  
 <request body omitted>
[debug] [2020-04-24T07:40:41.347Z] Authentication Error: Your credentials are no longer valid. Please run firebase login --reauth

For CI servers and headless environments, generate a new token with firebase login:ci
[debug] [2020-04-24T07:40:41.359Z] FirebaseError: Authentication Error: Your credentials are no longer valid. Please run firebase login --reauth

For CI servers and headless environments, generate a new token with firebase login:ci
    at Object.<anonymous> (/Users/venkatpoojari/.nvm/versions/node/v10.16.3/lib/node_modules/firebase-tools/lib/auth.js:23:32)
    at Module._compile (internal/modules/cjs/loader.js:778:30)
    at Object.Module._extensions..js (internal/modules/cjs/loader.js:789:10)
    at Module.load (internal/modules/cjs/loader.js:653:32)
    at tryModuleLoad (internal/modules/cjs/loader.js:593:12)
    at Function.Module._load (internal/modules/cjs/loader.js:585:3)
    at Module.require (internal/modules/cjs/loader.js:692:17)
    at require (internal/modules/cjs/helpers.js:25:18)
    at Object.<anonymous> (/Users/venkatpoojari/.nvm/versions/node/v10.16.3/lib/node_modules/firebase-tools/lib/commands/login.js:8:12)
    at Module._compile (internal/modules/cjs/loader.js:778:30)
    at Object.Module._extensions..js (internal/modules/cjs/loader.js:789:10)
    at Module.load (internal/modules/cjs/loader.js:653:32)
    at tryModuleLoad (internal/modules/cjs/loader.js:593:12)
    at Function.Module._load (internal/modules/cjs/loader.js:585:3)
    at Module.require (internal/modules/cjs/loader.js:692:17)
    at require (internal/modules/cjs/helpers.js:25:18)
[error] 
[error] Error: Failed to get Firebase project autocart-app. Please make sure the project exists and your account has permission to access it.
